Arguments: 
  /home/thang/.nvm/versions/node/v14.14.0/bin/node /usr/share/yarn/bin/yarn.js add -D typescript @type/node

PATH: 
  /home/thang/.nvm/versions/node/v14.14.0/bin:/home/thang/bin:/usr/local/sbin:/usr/local/bin:/usr/sbin:/usr/bin:/sbin:/bin:/usr/games:/usr/local/games:/snap/bin:/home/thang/.dotnet/tools:/usr/local/go/bin:/home/thang/.npm-global/bin:/usr/local/go/bin:/home/thang/bin/protoc/bin:/home/thang/go/bin

Yarn version: 
  1.22.5

Node version: 
  14.14.0

Platform: 
  linux x64

Trace: 
  Error: https://registry.yarnpkg.com/@type%2fnode: Not found
      at Request.params.callback [as _callback] (/usr/share/yarn/lib/cli.js:66988:18)
      at Request.self.callback (/usr/share/yarn/lib/cli.js:140749:22)
      at Request.emit (events.js:315:20)
      at Request.<anonymous> (/usr/share/yarn/lib/cli.js:141721:10)
      at Request.emit (events.js:315:20)
      at IncomingMessage.<anonymous> (/usr/share/yarn/lib/cli.js:141643:12)
      at Object.onceWrapper (events.js:421:28)
      at IncomingMessage.emit (events.js:327:22)
      at endReadableNT (_stream_readable.js:1327:12)
      at processTicksAndRejections (internal/process/task_queues.js:80:21)

npm manifest: 
  {
    "name": "rabbitmq-practice",
    "version": "1.0.0",
    "main": "index.js",
    "license": "MIT",
    "dependencies": {
      "amqp": "^0.2.7"
    }
  }

yarn manifest: 
  No manifest

Lockfile: 
  # THIS IS AN AUTOGENERATED FILE. DO NOT EDIT THIS FILE DIRECTLY.
  # yarn lockfile v1
  
  
  amqp@^0.2.7:
    version "0.2.7"
    resolved "https://registry.yarnpkg.com/amqp/-/amqp-0.2.7.tgz#738cfc45fd9c99260b45d5fafc32ed000841e1b1"
    integrity sha1-c4z8Rf2cmSYLRdX6/DLtAAhB4bE=
    dependencies:
      lodash "^4.0.0"
  
  lodash@^4.0.0:
    version "4.17.20"
    resolved "https://registry.yarnpkg.com/lodash/-/lodash-4.17.20.tgz#b44a9b6297bcb698f1c51a3545a2b3b368d59c52"
    integrity sha512-PlhdFcillOINfeV7Ni6oF1TAEayyZBoZ8bcshTHqOYJYlrqzRK5hagpagky5o4HfCzzd1TRkXPMFq6cKk9rGmA==
